<?xml version="1.0" encoding="UTF-8"?>
<testsuite xmlns:xsi="http://www.w3.org/2001/XMLSchema-instance" xsi:noNamespaceSchemaLocation="https://maven.apache.org/surefire/maven-surefire-plugin/xsd/surefire-test-report.xsd" version="3.0.2" name="com.example.tenis.TenisApplicationTests" time="5.825" tests="1" errors="0" skipped="0" failures="0">
  <properties>
[...]
</properties>
  <testcase name="contextLoads" classname="com.example.tenis.TenisApplicationTests" time="0.339">
    <system-out><![CDATA[01:01:43.157 [main] INFO org.springframework.test.context.support.AnnotationConfigContextLoaderUtils -- Could not detect default configuration classes for test class [com.example.tenis.TenisApplicationTests]: TenisApplicationTests does not declare any static, non-private, non-final, nested classes annotated with @Configuration.
01:01:43.286 [main] INFO org.springframework.boot.test.context.SpringBootTestContextBootstrapper -- Found @SpringBootConfiguration com.example.tenis.TenisApplication for test class com.example.tenis.TenisApplicationTests
01:01:43.617 [main] INFO org.springframework.boot.devtools.restart.RestartApplicationListener -- Restart disabled due to context in which it is running

  .   ____          _            __ _ _
 /\\ / ___'_ __ _ _(_)_ __  __ _ \ \ \ \
( ( )\___ | '_ | '_| | '_ \/ _` | \ \ \ \
 \\/  ___)| |_)| | | | | || (_| |  ) ) ) )
  '  |____| .__|_| |_|_| |_\__, | / / / /
 =========|_|==============|___/=/_/_/_/

 :: Spring Boot ::                (v3.4.2)

2025-02-06T01:01:44.022+02:00  INFO 18532 --- [tenis] [           main] c.example.tenis.TenisApplicationTests    : Starting TenisApplicationTests using Java 22 with PID 18532 (started by 40784 in C:\Users\40784\Desktop\f\tenis)
2025-02-06T01:01:44.024+02:00  INFO 18532 --- [tenis] [           main] c.example.tenis.TenisApplicationTests    : No active profile set, falling back to 1 default profile: "default"
2025-02-06T01:01:44.944+02:00  INFO 18532 --- [tenis] [           main] .s.d.r.c.RepositoryConfigurationDelegate : Bootstrapping Spring Data JPA repositories in DEFAULT mode.
2025-02-06T01:01:45.001+02:00  INFO 18532 --- [tenis] [           main] .s.d.r.c.RepositoryConfigurationDelegate : Finished Spring Data repository scanning in 45 ms. Found 1 JPA repository interface.
2025-02-06T01:01:45.259+02:00  INFO 18532 --- [tenis] [           main] o.s.cloud.context.scope.GenericScope     : BeanFactory id=bb7b081c-a325-3361-8fe8-23e59b751a9e
2025-02-06T01:01:45.666+02:00  INFO 18532 --- [tenis] [           main] o.hibernate.jpa.internal.util.LogHelper  : HHH000204: Processing PersistenceUnitInfo [name: default]
2025-02-06T01:01:45.771+02:00  INFO 18532 --- [tenis] [           main] org.hibernate.Version                    : HHH000412: Hibernate ORM core version 6.6.5.Final
2025-02-06T01:01:45.804+02:00  INFO 18532 --- [tenis] [           main] o.h.c.internal.RegionFactoryInitiator    : HHH000026: Second-level cache disabled
2025-02-06T01:01:46.128+02:00  INFO 18532 --- [tenis] [           main] o.s.o.j.p.SpringPersistenceUnitInfo      : No LoadTimeWeaver setup: ignoring JPA class transformer
2025-02-06T01:01:46.156+02:00  INFO 18532 --- [tenis] [           main] com.zaxxer.hikari.HikariDataSource       : HikariPool-1 - Starting...
2025-02-06T01:01:46.287+02:00  INFO 18532 --- [tenis] [           main] com.zaxxer.hikari.pool.HikariPool        : HikariPool-1 - Added connection com.mysql.cj.jdbc.ConnectionImpl@83e635f
2025-02-06T01:01:46.289+02:00  INFO 18532 --- [tenis] [           main] com.zaxxer.hikari.HikariDataSource       : HikariPool-1 - Start completed.
2025-02-06T01:01:46.307+02:00  WARN 18532 --- [tenis] [           main] org.hibernate.orm.deprecation            : HHH90000025: MySQL8Dialect does not need to be specified explicitly using 'hibernate.dialect' (remove the property setting and it will be selected by default)
2025-02-06T01:01:46.308+02:00  WARN 18532 --- [tenis] [           main] org.hibernate.orm.deprecation            : HHH90000026: MySQL8Dialect has been deprecated; use org.hibernate.dialect.MySQLDialect instead
2025-02-06T01:01:46.322+02:00  INFO 18532 --- [tenis] [           main] org.hibernate.orm.connections.pooling    : HHH10001005: Database info:
	Database JDBC URL [Connecting through datasource 'HikariDataSource (HikariPool-1)']
	Database driver: undefined/unknown
	Database version: 8.0
	Autocommit mode: undefined/unknown
	Isolation level: undefined/unknown
	Minimum pool size: undefined/unknown
	Maximum pool size: undefined/unknown
2025-02-06T01:01:46.958+02:00  INFO 18532 --- [tenis] [           main] o.h.e.t.j.p.i.JtaPlatformInitiator       : HHH000489: No JTA platform available (set 'hibernate.transaction.jta.platform' to enable JTA platform integration)
2025-02-06T01:01:47.013+02:00  INFO 18532 --- [tenis] [           main] j.LocalContainerEntityManagerFactoryBean : Initialized JPA EntityManagerFactory for persistence unit 'default'
2025-02-06T01:01:47.389+02:00  WARN 18532 --- [tenis] [           main] JpaBaseConfiguration$JpaWebConfiguration : spring.jpa.open-in-view is enabled by default. Therefore, database queries may be performed during view rendering. Explicitly configure spring.jpa.open-in-view to disable this warning
2025-02-06T01:01:47.420+02:00  INFO 18532 --- [tenis] [           main] r$InitializeUserDetailsManagerConfigurer : Global AuthenticationManager configured with UserDetailsService bean with name customUserDetailsService
2025-02-06T01:01:47.806+02:00  WARN 18532 --- [tenis] [           main] thorizationManagerRequestMatcherRegistry : One of the patterns in [/login, /register, chat, /css/**, /js/**] is missing a leading slash. This is discouraged; please include the leading slash in all your request matcher patterns. In future versions of Spring Security, leaving out the leading slash will result in an exception.
2025-02-06T01:01:48.296+02:00  INFO 18532 --- [tenis] [           main] o.s.m.s.b.SimpleBrokerMessageHandler     : Starting...
2025-02-06T01:01:48.297+02:00  INFO 18532 --- [tenis] [           main] o.s.m.s.b.SimpleBrokerMessageHandler     : BrokerAvailabilityEvent[available=true, SimpleBrokerMessageHandler [org.springframework.messaging.simp.broker.DefaultSubscriptionRegistry@26c349fc]]
2025-02-06T01:01:48.299+02:00  INFO 18532 --- [tenis] [           main] o.s.m.s.b.SimpleBrokerMessageHandler     : Started.
2025-02-06T01:01:48.307+02:00  INFO 18532 --- [tenis] [           main] c.example.tenis.TenisApplicationTests    : Started TenisApplicationTests in 4.719 seconds (process running for 5.819)
Hibernate: select u1_0.id,u1_0.password,u1_0.role,u1_0.username from users u1_0 where u1_0.username=?
]]></system-out>
    <system-err><![CDATA[Mockito is currently self-attaching to enable the inline-mock-maker. This will no longer work in future releases of the JDK. Please add Mockito as an agent to your build what is described in Mockito's documentation: https://javadoc.io/doc/org.mockito/mockito-core/latest/org/mockito/Mockito.html#0.3
WARNING: A Java agent has been loaded dynamically (C:\Users\40784\.m2\repository\net\bytebuddy\byte-buddy-agent\1.15.11\byte-buddy-agent-1.15.11.jar)
WARNING: If a serviceability tool is in use, please run with -XX:+EnableDynamicAgentLoading to hide this warning
WARNING: If a serviceability tool is not in use, please run with -Djdk.instrument.traceUsage for more information
WARNING: Dynamic loading of agents will be disallowed by default in a future release
]]></system-err>
  </testcase>
</testsuite>